<?xml version="1.0" encoding="UTF-8"?>
<testng-results skipped="0" failed="0" total="2" passed="2">
  <reporter-output>
  </reporter-output>
  <suite name="Default suite" duration-ms="29" started-at="2017-07-27T11:25:42Z" finished-at="2017-07-27T11:25:42Z">
    <groups>
    </groups>
    <test name="Default test" duration-ms="29" started-at="2017-07-27T11:25:42Z" finished-at="2017-07-27T11:25:42Z">
      <class name="ex2.test2">
        <test-method status="PASS" signature="method1()[pri:0, instance:ex2.test2@167c1fc]" name="method1" is-config="true" duration-ms="7" started-at="2017-07-27T16:55:42Z" finished-at="2017-07-27T16:55:42Z">
          <reporter-output>
          </reporter-output>
        </test-method> <!-- method1 -->
        <test-method status="PASS" signature="method4()[pri:0, instance:ex2.test2@167c1fc]" name="method4" duration-ms="4" started-at="2017-07-27T16:55:42Z" finished-at="2017-07-27T16:55:42Z">
          <reporter-output>
          </reporter-output>
        </test-method> <!-- method4 -->
        <test-method status="PASS" signature="method2()[pri:0, instance:ex2.test2@167c1fc]" name="method2" is-config="true" duration-ms="1" started-at="2017-07-27T16:55:42Z" finished-at="2017-07-27T16:55:42Z">
          <reporter-output>
          </reporter-output>
        </test-method> <!-- method2 -->
        <test-method status="PASS" signature="method3()[pri:0, instance:ex2.test2@167c1fc]" name="method3" duration-ms="1" started-at="2017-07-27T16:55:42Z" finished-at="2017-07-27T16:55:42Z">
          <reporter-output>
          </reporter-output>
        </test-method> <!-- method3 -->
        <test-method status="PASS" signature="method1()[pri:0, instance:ex2.test2@167c1fc]" name="method1" is-config="true" duration-ms="0" started-at="2017-07-27T16:55:42Z" finished-at="2017-07-27T16:55:42Z">
          <reporter-output>
          </reporter-output>
        </test-method> <!-- method1 -->
        <test-method status="PASS" signature="method2()[pri:0, instance:ex2.test2@167c1fc]" name="method2" is-config="true" duration-ms="0" started-at="2017-07-27T16:55:42Z" finished-at="2017-07-27T16:55:42Z">
          <reporter-output>
          </reporter-output>
        </test-method> <!-- method2 -->
      </class> <!-- ex2.test2 -->
    </test> <!-- Default test -->
  </suite> <!-- Default suite -->
</testng-results>
